<?xml version="1.0" encoding="UTF-8"?>
<testng-results skipped="0" failed="0" ignored="0" total="1" passed="1">
  <reporter-output>
  </reporter-output>
  <suite name="Suite" duration-ms="84776" started-at="2020-08-26T12:03:21Z" finished-at="2020-08-26T12:04:46Z">
    <groups>
    </groups>
    <test name="Test" duration-ms="84776" started-at="2020-08-26T12:03:21Z" finished-at="2020-08-26T12:04:46Z">
      <class name="Academy.HomePage">
        <test-method status="PASS" signature="initialize()[pri:0, instance:Academy.HomePage@27efef64]" name="initialize" is-config="true" duration-ms="3840" started-at="2020-08-26T17:33:21Z" finished-at="2020-08-26T17:33:25Z">
          <reporter-output>
          </reporter-output>
        </test-method> <!-- initialize -->
        <test-method status="PASS" signature="basePageNavigation()[pri:0, instance:Academy.HomePage@27efef64]" name="basePageNavigation" duration-ms="76846" started-at="2020-08-26T17:33:25Z" finished-at="2020-08-26T17:34:41Z">
          <reporter-output>
          </reporter-output>
        </test-method> <!-- basePageNavigation -->
        <test-method status="PASS" signature="teardown()[pri:0, instance:Academy.HomePage@27efef64]" name="teardown" is-config="true" duration-ms="4078" started-at="2020-08-26T17:34:41Z" finished-at="2020-08-26T17:34:46Z">
          <reporter-output>
          </reporter-output>
        </test-method> <!-- teardown -->
      </class> <!-- Academy.HomePage -->
    </test> <!-- Test -->
  </suite> <!-- Suite -->
</testng-results>
