<?xml version="1.0" encoding="UTF-8"?>
<testng-results skipped="0" failed="0" ignored="0" total="1" passed="1">
  <reporter-output>
  </reporter-output>
  <suite name="Suite" duration-ms="86496" started-at="2020-08-28T07:07:57Z" finished-at="2020-08-28T07:09:23Z">
    <groups>
    </groups>
    <test name="Test" duration-ms="86496" started-at="2020-08-28T07:07:57Z" finished-at="2020-08-28T07:09:23Z">
      <class name="Academy.HomePage">
        <test-method status="PASS" signature="initialize()[pri:0, instance:Academy.HomePage@27efef64]" name="initialize" is-config="true" duration-ms="7489" started-at="2020-08-28T12:37:57Z" finished-at="2020-08-28T12:38:04Z">
          <reporter-output>
          </reporter-output>
        </test-method> <!-- initialize -->
        <test-method status="PASS" signature="basePageNavigation()[pri:0, instance:Academy.HomePage@27efef64]" name="basePageNavigation" duration-ms="67977" started-at="2020-08-28T12:38:04Z" finished-at="2020-08-28T12:39:12Z">
          <reporter-output>
          </reporter-output>
        </test-method> <!-- basePageNavigation -->
        <test-method status="PASS" signature="teardown()[pri:0, instance:Academy.HomePage@27efef64]" name="teardown" is-config="true" duration-ms="10996" started-at="2020-08-28T12:39:12Z" finished-at="2020-08-28T12:39:23Z">
          <reporter-output>
          </reporter-output>
        </test-method> <!-- teardown -->
      </class> <!-- Academy.HomePage -->
    </test> <!-- Test -->
  </suite> <!-- Suite -->
</testng-results>
